<?xml version="1.0" encoding="UTF-8"?>
<!-- Generated by org.testng.reporters.JUnitReportReporter -->
<testsuite hostname="NWCHNLAP003" failures="0" tests="1" name="p02_submit_claims.TC19_SubmitClaims" time="25.262" errors="0" timestamp="2022-07-26T17:20:56 IST" skipped="0">
  <testcase classname="p02_submit_claims.TC19_SubmitClaims" name="submitClaims" time="25.262"/>
  <system-out/>
</testsuite> <!-- p02_submit_claims.TC19_SubmitClaims -->
