<?xml version="1.0" encoding="UTF-8"?>
<!-- Generated by org.testng.reporters.JUnitReportReporter -->
<testsuite hostname="NWCHNLAP003" failures="0" tests="1" name="raise_claims.ClaimDateSubmitClaims" time="52.019" errors="0" timestamp="2022-07-13T18:07:04 IST" skipped="0">
  <testcase classname="raise_claims.ClaimDateSubmitClaims" name="claimsDateSubitClaims" time="52.019"/>
  <system-out/>
</testsuite> <!-- raise_claims.ClaimDateSubmitClaims -->
