<?xml version="1.0" encoding="UTF-8"?>
<!-- Generated by org.testng.reporters.JUnitReportReporter -->
<testsuite hostname="NWCHNLAP003" failures="0" tests="1" name="p02_submit_claims.T02_SubmitClaimsButton" time="28.078" errors="0" timestamp="2022-08-10T14:18:24 IST" skipped="0">
  <testcase classname="p02_submit_claims.T02_SubmitClaimsButton" name="submitClaimsButton" time="28.078"/>
  <system-out/>
</testsuite> <!-- p02_submit_claims.T02_SubmitClaimsButton -->
