<?xml version="1.0" encoding="UTF-8"?>
<!-- Generated by org.testng.reporters.JUnitReportReporter -->
<testsuite hostname="NWCHNLAP003" failures="0" tests="4" name="p04_claims_approver_login_logout.ClaimsApproverLogin" time="10.592" errors="0" timestamp="2022-08-17T13:26:16 IST" skipped="0">
  <testcase classname="p04_claims_approver_login_logout.ClaimsApproverLogin" name="invalidUsernameInvalidPassword" time="5.353"/>
  <system-out/>
  <testcase classname="p04_claims_approver_login_logout.ClaimsApproverLogin" name="validUsernameInvalidPassword" time="1.197"/>
  <system-out/>
  <testcase classname="p04_claims_approver_login_logout.ClaimsApproverLogin" name="invalidUsernameValidPassword" time="1.206"/>
  <system-out/>
  <testcase classname="p04_claims_approver_login_logout.ClaimsApproverLogin" name="validUsernameValidPassword" time="2.836"/>
  <system-out/>
</testsuite> <!-- p04_claims_approver_login_logout.ClaimsApproverLogin -->
