<?xml version="1.0" encoding="UTF-8"?>
<!-- Generated by org.testng.reporters.JUnitReportReporter -->
<testsuite hostname="NWCHNLAP003" failures="0" tests="1" name="p02_submit_claims.TC05_futureBillDate" time="32.718" errors="0" timestamp="2022-08-17T14:02:13 IST" skipped="0">
  <testcase classname="p02_submit_claims.TC05_futureBillDate" name="futureBillDateSubmitClaims" time="32.718"/>
  <system-out/>
</testsuite> <!-- p02_submit_claims.TC05_futureBillDate -->
