<?xml version="1.0" encoding="UTF-8"?>
<!-- Generated by org.testng.reporters.JUnitReportReporter -->
<testsuite hostname="NWCHNLAP003" failures="0" tests="1" name="p03_view_claims.TViewFileAttachment" time="52.683" errors="0" timestamp="2022-08-17T13:11:58 IST" skipped="0">
  <testcase classname="p03_view_claims.TViewFileAttachment" name="viewFileAttachment" time="52.683"/>
  <system-out/>
</testsuite> <!-- p03_view_claims.TViewFileAttachment -->
