<?xml version="1.0" encoding="UTF-8"?>
<!-- Generated by org.testng.reporters.JUnitReportReporter -->
<testsuite hostname="NWCHNLAP003" failures="0" tests="1" name="claims_user_logout.ClaimsUserLogout" time="1.526" errors="0" timestamp="2022-08-17T13:11:58 IST" skipped="0">
  <testcase classname="claims_user_logout.ClaimsUserLogout" name="Logout" time="1.526"/>
  <system-out/>
</testsuite> <!-- claims_user_logout.ClaimsUserLogout -->
