<?xml version="1.0" encoding="UTF-8"?>
<!-- Generated by org.testng.reporters.JUnitReportReporter -->
<testsuite hostname="NWCHNLAP003" failures="0" tests="1" name="p02_submit_claims.TC15_DuplicateFileAttach" time="32.672" errors="0" timestamp="2022-08-18T18:40:51 IST" skipped="0">
  <testcase classname="p02_submit_claims.TC15_DuplicateFileAttach" name="tC15_DuplicateFileAttach" time="32.672"/>
  <system-out/>
</testsuite> <!-- p02_submit_claims.TC15_DuplicateFileAttach -->
