<?xml version="1.0" encoding="UTF-8"?>
<!-- Generated by org.testng.reporters.JUnitReportReporter -->
<testsuite hostname="NWCHNLAP003" failures="0" tests="1" name="p02_submit_claims.TC19_SubmitClaims" time="30.788" errors="0" timestamp="2022-08-19T18:17:35 IST" skipped="0">
  <testcase classname="p02_submit_claims.TC19_SubmitClaims" name="submitClaims" time="30.788"/>
  <system-out/>
</testsuite> <!-- p02_submit_claims.TC19_SubmitClaims -->
