<?xml version="1.0" encoding="UTF-8"?>
<!-- Generated by org.testng.reporters.JUnitReportReporter -->
<testsuite hostname="NWCHNLAP003" failures="0" tests="1" name="p02_submit_claims.TC08_BillNumber" time="27.006" errors="0" timestamp="2022-08-19T12:13:59 IST" skipped="0">
  <testcase classname="p02_submit_claims.TC08_BillNumber" name="billNumber" time="27.006"/>
  <system-out/>
</testsuite> <!-- p02_submit_claims.TC08_BillNumber -->
