<?xml version="1.0" encoding="UTF-8"?>
<!-- Generated by org.testng.reporters.JUnitReportReporter -->
<testsuite hostname="NWCHNLAP003" failures="0" tests="1" name="p02_submit_claims.TC13_DeleteAttachment" time="3.951" errors="0" timestamp="2022-08-18T12:16:57 IST" skipped="0">
  <testcase classname="p02_submit_claims.TC13_DeleteAttachment" name="tC13_DeleteAttachment" time="3.951"/>
  <system-out/>
</testsuite> <!-- p02_submit_claims.TC13_DeleteAttachment -->
