<?xml version="1.0" encoding="UTF-8"?>
<!-- Generated by org.testng.reporters.JUnitReportReporter -->
<testsuite hostname="NWCHNLAP003" failures="0" tests="1" name="raise_claims.ViewClaimsTab" time="32.139" errors="0" timestamp="2022-07-04T14:24:16 IST" skipped="0">
  <testcase classname="raise_claims.ViewClaimsTab" name="viewClaimsTab" time="32.139"/>
  <system-out/>
</testsuite> <!-- raise_claims.ViewClaimsTab -->
