<?xml version="1.0" encoding="UTF-8"?>
<!-- Generated by org.testng.reporters.JUnitReportReporter -->
<testsuite hostname="NWCHNLAP003" failures="0" tests="1" name="p02_submit_claims.TC20_NoSubmitClaims" time="62.420" errors="0" timestamp="2022-08-22T11:00:28 IST" skipped="0">
  <testcase classname="p02_submit_claims.TC20_NoSubmitClaims" name="tC20_NoSubmitClaims" time="62.420"/>
  <system-out/>
</testsuite> <!-- p02_submit_claims.TC20_NoSubmitClaims -->
