<?xml version="1.0" encoding="UTF-8"?>
<!-- Generated by org.testng.reporters.JUnitReportReporter -->
<testsuite hostname="NWCHNLAP003" failures="0" tests="1" name="p02_submit_claims.TC12_AddMultipleFile" time="47.135" errors="0" timestamp="2022-07-18T16:15:02 IST" skipped="0">
  <testcase classname="p02_submit_claims.TC12_AddMultipleFile" name="multipleFileAttach" time="47.135"/>
  <system-out/>
</testsuite> <!-- p02_submit_claims.TC12_AddMultipleFile -->
