<?xml version="1.0" encoding="UTF-8"?>
<!-- Generated by org.testng.reporters.JUnitReportReporter -->
<testsuite hostname="NWCHNLAP003" failures="0" tests="1" name="p02_submit_claims.TFutureDateValidation" time="41.044" errors="0" timestamp="2022-07-20T15:38:25 IST" skipped="0">
  <testcase classname="p02_submit_claims.TFutureDateValidation" name="claimsDateSubitClaims" time="41.044"/>
  <system-out/>
</testsuite> <!-- p02_submit_claims.TFutureDateValidation -->
