<?xml version="1.0" encoding="UTF-8"?>
<!-- Generated by org.testng.reporters.JUnitReportReporter -->
<testsuite hostname="NWCHNLAP003" failures="0" tests="4" name="p01_claims_user_login_logout.ClaimsUserLogin" time="9.072" errors="0" timestamp="2022-08-17T13:17:10 IST" skipped="0">
  <testcase classname="p01_claims_user_login_logout.ClaimsUserLogin" name="invalidUsernameInvalidPassword" time="3.980"/>
  <system-out/>
  <testcase classname="p01_claims_user_login_logout.ClaimsUserLogin" name="validUsernameInvalidPassword" time="1.148"/>
  <system-out/>
  <testcase classname="p01_claims_user_login_logout.ClaimsUserLogin" name="invalidUsernameValidPassword" time="1.060"/>
  <system-out/>
  <testcase classname="p01_claims_user_login_logout.ClaimsUserLogin" name="validUsernameValidPassword" time="2.884"/>
  <system-out/>
</testsuite> <!-- p01_claims_user_login_logout.ClaimsUserLogin -->
