<?xml version="1.0" encoding="UTF-8"?>
<!-- Generated by org.testng.reporters.JUnitReportReporter -->
<testsuite hostname="NWCHNLAP003" failures="0" tests="1" name="p03_view_claims.TC06_CancelComment" time="32.386" errors="0" timestamp="2022-08-17T19:01:55 IST" skipped="0">
  <testcase classname="p03_view_claims.TC06_CancelComment" name="cancelComment" time="32.386"/>
  <system-out/>
</testsuite> <!-- p03_view_claims.TC06_CancelComment -->
