<?xml version="1.0" encoding="UTF-8"?>
<!-- Generated by org.testng.reporters.JUnitReportReporter -->
<testsuite hostname="NWCHNLAP003" failures="0" tests="1" name="p03_view_claims.TWithoutCommentActionColumn" time="38.324" errors="0" timestamp="2022-07-07T15:46:33 IST" skipped="0">
  <testcase classname="p03_view_claims.TWithoutCommentActionColumn" name="withoutCommentActionColumn" time="38.324"/>
  <system-out/>
</testsuite> <!-- p03_view_claims.TWithoutCommentActionColumn -->
