<?xml version="1.0" encoding="UTF-8"?>
<!-- Generated by org.testng.reporters.JUnitReportReporter -->
<testsuite hostname="NWCHNLAP003" failures="0" tests="1" name="p02_submit_claims.TC06_billDate" time="22.766" errors="0" timestamp="2022-08-17T14:03:40 IST" skipped="0">
  <testcase classname="p02_submit_claims.TC06_billDate" name="billDateSubitClaims" time="22.766"/>
  <system-out/>
</testsuite> <!-- p02_submit_claims.TC06_billDate -->
