<?xml version="1.0" encoding="UTF-8"?>
<!-- Generated by org.testng.reporters.JUnitReportReporter -->
<testsuite hostname="NWCHNLAP003" failures="0" tests="1" name="p02_submit_claims.TC06_previousFYBillDate" time="23.831" errors="0" timestamp="2022-08-17T14:03:04 IST" skipped="0">
  <testcase classname="p02_submit_claims.TC06_previousFYBillDate" name="previousFYBillDateSubmitClaims" time="23.831"/>
  <system-out/>
</testsuite> <!-- p02_submit_claims.TC06_previousFYBillDate -->
