<?xml version="1.0" encoding="UTF-8"?>
<!-- Generated by org.testng.reporters.JUnitReportReporter -->
<testsuite hostname="NWCHNLAP003" failures="0" tests="1" name="p03_view_claims.TC02_ViewClaimsPage" time="27.181" errors="0" timestamp="2022-07-07T16:29:21 IST" skipped="0">
  <testcase classname="p03_view_claims.TC02_ViewClaimsPage" name="viewClaimsPage" time="27.181"/>
  <system-out/>
</testsuite> <!-- p03_view_claims.TC02_ViewClaimsPage -->
