<?xml version="1.0" encoding="UTF-8"?>
<!-- Generated by org.testng.reporters.JUnitReportReporter -->
<testsuite hostname="NWCHNLAP003" failures="0" tests="1" name="raise_claims.TSubmitClaimsAmoutField" time="48.591" errors="0" timestamp="2022-07-08T14:24:57 IST" skipped="0">
  <testcase classname="raise_claims.TSubmitClaimsAmoutField" name="submitClaimsAmountField" time="48.591"/>
  <system-out/>
</testsuite> <!-- raise_claims.TSubmitClaimsAmoutField -->
