<?xml version="1.0" encoding="UTF-8"?>
<!-- Generated by org.testng.reporters.JUnitReportReporter -->
<testsuite hostname="NWCHNLAP003" failures="0" tests="1" name="p02_submit_claims.TC18_ResetSubmitClaims" time="26.553" errors="0" timestamp="2022-07-27T17:58:43 IST" skipped="0">
  <testcase classname="p02_submit_claims.TC18_ResetSubmitClaims" name="restSubmitClaims" time="26.553"/>
  <system-out/>
</testsuite> <!-- p02_submit_claims.TC18_ResetSubmitClaims -->
