<?xml version="1.0" encoding="UTF-8"?>
<!-- Generated by org.testng.reporters.JUnitReportReporter -->
<testsuite hostname="NWCHNLAP003" failures="0" tests="2" name="claims.Login" time="46.151" errors="0" timestamp="2022-08-02T21:05:39 IST" skipped="0">
  <testcase classname="claims.Login" name="LoginValid" time="10.128"/>
  <system-out/>
  <testcase classname="claims.Login" name="LoginValid" time="36.023"/>
  <system-out/>
</testsuite> <!-- claims.Login -->
