<?xml version="1.0" encoding="UTF-8"?>
<!-- Generated by org.testng.reporters.JUnitReportReporter -->
<testsuite hostname="NWCHNLAP003" failures="0" tests="1" name="raise_claims.TDescriptionValidation" time="50.146" errors="0" timestamp="2022-07-13T18:43:49 IST" skipped="0">
  <testcase classname="raise_claims.TDescriptionValidation" name="decriptionValidation" time="50.146"/>
  <system-out/>
</testsuite> <!-- raise_claims.TDescriptionValidation -->
