<?xml version="1.0" encoding="UTF-8"?>
<!-- Generated by org.testng.reporters.JUnitReportReporter -->
<testsuite hostname="NWCHNLAP003" failures="0" tests="1" name="p02_submit_claims.TC10_AddFileValidAttachment" time="25.943" errors="0" timestamp="2022-08-17T13:11:58 IST" skipped="0">
  <testcase classname="p02_submit_claims.TC10_AddFileValidAttachment" name="attchFile" time="25.943"/>
  <system-out/>
</testsuite> <!-- p02_submit_claims.TC10_AddFileValidAttachment -->
