<?xml version="1.0" encoding="UTF-8"?>
<!-- Generated by org.testng.reporters.JUnitReportReporter -->
<testsuite hostname="NWCHNLAP003" failures="0" tests="1" name="raise_claims.TNoOfBillsSubmitClaims" time="46.305" errors="0" timestamp="2022-07-13T18:19:20 IST" skipped="0">
  <testcase classname="raise_claims.TNoOfBillsSubmitClaims" name="noOfBillsSubmitClaims" time="46.305"/>
  <system-out/>
</testsuite> <!-- raise_claims.TNoOfBillsSubmitClaims -->
