<?xml version="1.0" encoding="UTF-8"?>
<!-- Generated by org.testng.reporters.JUnitReportReporter -->
<testsuite hostname="NWCHNLAP003" failures="0" tests="1" name="raise_claims.TAttachFile" time="55.064" errors="0" timestamp="2022-07-15T13:45:38 IST" skipped="0">
  <testcase classname="raise_claims.TAttachFile" name="attchFile" time="55.064"/>
  <system-out/>
</testsuite> <!-- raise_claims.TAttachFile -->
