<?xml version="1.0" encoding="UTF-8"?>
<!-- Generated by org.testng.reporters.JUnitReportReporter -->
<testsuite hostname="NWCHNLAP003" failures="0" tests="1" name="p02_submit_claims.TPreviousFinancialYearValidation" time="43.701" errors="0" timestamp="2022-07-20T16:10:53 IST" skipped="0">
  <testcase classname="p02_submit_claims.TPreviousFinancialYearValidation" name="claimsDateSubitClaims" time="43.701"/>
  <system-out/>
</testsuite> <!-- p02_submit_claims.TPreviousFinancialYearValidation -->
