<?xml version="1.0" encoding="UTF-8"?>
<!-- Generated by org.testng.reporters.JUnitReportReporter -->
<testsuite hostname="NWCHNLAP003" failures="0" tests="1" name="raise_claims.T03_ClaimsType" time="42.099" errors="0" timestamp="2022-07-08T12:42:10 IST" skipped="0">
  <testcase classname="raise_claims.T03_ClaimsType" name="claimsType" time="42.099"/>
  <system-out/>
</testsuite> <!-- raise_claims.T03_ClaimsType -->
