<?xml version="1.0" encoding="UTF-8"?>
<!-- Generated by org.testng.reporters.JUnitReportReporter -->
<testsuite hostname="NWCHNLAP003" failures="0" tests="1" name="p02_submit_claims.TC11_AddFileInvalidAttachment" time="29.269" errors="0" timestamp="2022-08-17T13:11:58 IST" skipped="0">
  <testcase classname="p02_submit_claims.TC11_AddFileInvalidAttachment" name="invalidFileAttach" time="29.269"/>
  <system-out/>
</testsuite> <!-- p02_submit_claims.TC11_AddFileInvalidAttachment -->
