<?xml version="1.0" encoding="UTF-8"?>
<!-- Generated by org.testng.reporters.JUnitReportReporter -->
<testsuite hostname="NWCHNLAP003" failures="0" tests="1" name="raise_claims.T01_ViewClaimsTab" time="26.716" errors="0" timestamp="2022-07-06T17:10:58 IST" skipped="0">
  <testcase classname="raise_claims.T01_ViewClaimsTab" name="viewClaimsTab" time="26.716"/>
  <system-out/>
</testsuite> <!-- raise_claims.T01_ViewClaimsTab -->
