<?xml version="1.0" encoding="UTF-8"?>
<!-- Generated by org.testng.reporters.JUnitReportReporter -->
<testsuite hostname="NWCHNLAP003" failures="0" tests="1" name="raise_claims.TInvalidFileAttach" time="64.743" errors="0" timestamp="2022-07-18T10:53:14 IST" skipped="0">
  <testcase classname="raise_claims.TInvalidFileAttach" name="invalidFileAttach" time="64.743"/>
  <system-out/>
</testsuite> <!-- raise_claims.TInvalidFileAttach -->
