<?xml version="1.0" encoding="UTF-8"?>
<!-- Generated by org.testng.reporters.JUnitReportReporter -->
<testsuite hostname="NWCHNLAP003" failures="0" tests="1" name="p03_view_claims.TC06_CancelComment" time="63.211" errors="0" timestamp="2022-07-07T18:32:39 IST" skipped="0">
  <testcase classname="p03_view_claims.TC06_CancelComment" name="cancelComment" time="63.211"/>
  <system-out/>
</testsuite> <!-- p03_view_claims.TC06_CancelComment -->
