<?xml version="1.0" encoding="UTF-8"?>
<!-- Generated by org.testng.reporters.JUnitReportReporter -->
<testsuite hostname="NWCHNLAP003" failures="0" tests="1" name="claims_Approver_Logout.ClaimsApproverLogout" time="1.955" errors="0" timestamp="2022-08-17T13:26:16 IST" skipped="0">
  <testcase classname="claims_Approver_Logout.ClaimsApproverLogout" name="Logout" time="1.955"/>
  <system-out/>
</testsuite> <!-- claims_Approver_Logout.ClaimsApproverLogout -->
