<?xml version="1.0" encoding="UTF-8"?>
<!-- Generated by org.testng.reporters.JUnitReportReporter -->
<testsuite hostname="NWCHNLAP003" failures="0" tests="1" name="raise_claims.TBillNumber" time="38.526" errors="0" timestamp="2022-07-13T16:55:28 IST" skipped="0">
  <testcase classname="raise_claims.TBillNumber" name="billNumber" time="38.526"/>
  <system-out/>
</testsuite> <!-- raise_claims.TBillNumber -->
